2021-03-05 10:14:00,649 - DEBUG - Старт tcp_sock_create  = 69
2021-03-05 10:14:00,650 - DEBUG - Старт bind_create_from_user  = 71
2021-03-05 10:14:00,650 - DEBUG - Старт server_listen_ready  = 75
2021-03-05 10:14:19,119 - DEBUG - Старт b_decode_str_foo  = 89
2021-03-05 10:14:19,120 - DEBUG - Старт str_loads_dict_foo  = 91
2021-03-05 10:14:19,126 - DEBUG - Старт b_decode_str_foo  = 89
2021-03-05 10:14:19,126 - DEBUG - Старт str_loads_dict_foo  = 91
2021-03-05 10:14:22,131 - DEBUG - Старт b_decode_str_foo  = 89
2021-03-05 10:14:22,131 - DEBUG - Старт str_loads_dict_foo  = 91
2021-03-05 10:14:22,134 - DEBUG - Старт b_decode_str_foo  = 89
2021-03-05 10:14:22,134 - DEBUG - Старт str_loads_dict_foo  = 91
2021-03-08 16:36:42,788 - DEBUG - Старт tcp_sock_create  = 69
2021-03-08 16:36:42,791 - DEBUG - Старт bind_create_from_user  = 71
2021-03-08 16:36:42,792 - DEBUG - Старт server_listen_ready  = 75
2021-03-08 16:36:42,792 - DEBUG - Server in listening..........  = 76
2021-03-08 16:37:32,615 - DEBUG - Старт b_decode_str_foo  = 89
2021-03-08 16:37:32,616 - DEBUG - Старт str_loads_dict_foo  = 91
2021-03-08 16:37:32,617 - DEBUG - Старт b_decode_str_foo  = 89
2021-03-08 16:37:32,618 - DEBUG - Старт str_loads_dict_foo  = 91
2021-03-08 16:37:32,618 - DEBUG - прилетел presence  = 105
2021-03-08 16:37:35,618 - DEBUG - Старт b_decode_str_foo  = 89
2021-03-08 16:37:35,619 - DEBUG - Старт str_loads_dict_foo  = 91
2021-03-08 16:37:35,620 - DEBUG - Старт b_decode_str_foo  = 89
2021-03-08 16:37:35,620 - DEBUG - Старт str_loads_dict_foo  = 91
2021-03-08 16:37:35,621 - DEBUG - прилетел quit Mon Mar  8 16:37:35 2021  = 108
