2021-03-08 00:59:57,831 - DEBUG - Старт tcp_sock_create = 86
2021-03-08 10:01:48,722 - DEBUG - Старт tcp_sock_create = 86
2021-03-08 10:01:57,750 - DEBUG - Go function current_start_client from function main in Mon Mar  8 10:01:48 2021  = 44
2021-03-08 10:14:09,615 - DEBUG - Go function py_dumps_str_foo from function {"action": "authenticate", "time": "Mon Mar  8 10:14:09 2021", "user": {"account_name": "C0deMaver1ck", "password": "CorrectHorseBatterStaple"}} in Mon Mar  8 10:14:09 2021  = 44
2021-03-08 10:14:09,616 - DEBUG - Go function py_dumps_str_foo from function {"action": "presence", "time": "Mon Mar  8 10:14:09 2021", "type": "status", "user": {"account_name": "C0deMaver1ck", "status": "Yep, I am here!"}} in Mon Mar  8 10:14:09 2021  = 44
2021-03-08 10:14:09,618 - DEBUG - Go function py_dumps_str_foo from function {"action": "quit"} in Mon Mar  8 10:14:09 2021  = 44
2021-03-08 10:14:09,618 - DEBUG - Старт tcp_sock_create = 77
2021-03-08 10:15:56,322 - DEBUG - Go function py_dumps_str_foo from function  in Mon Mar  8 10:15:56 2021  = 51
2021-03-08 10:15:56,324 - DEBUG - Go function py_dumps_str_foo from function  in Mon Mar  8 10:15:56 2021  = 51
2021-03-08 10:15:56,325 - DEBUG - Go function py_dumps_str_foo from function  in Mon Mar  8 10:15:56 2021  = 51
2021-03-08 10:15:56,326 - DEBUG - Старт tcp_sock_create = 86
2021-03-08 10:16:39,053 - DEBUG - Go function py_dumps_str_foo from function  in Mon Mar  8 10:16:38 2021  = 51
2021-03-08 10:16:39,055 - DEBUG - Go function py_dumps_str_foo from function  in Mon Mar  8 10:16:38 2021  = 51
2021-03-08 10:16:39,056 - DEBUG - Go function py_dumps_str_foo from function  in Mon Mar  8 10:16:38 2021  = 51
2021-03-08 10:16:39,056 - DEBUG - Старт tcp_sock_create = 86
2021-03-08 10:16:58,676 - DEBUG - Go function py_dumps_str_foo from function  in Mon Mar  8 10:16:58 2021  = 51
2021-03-08 10:16:58,677 - DEBUG - Go function py_dumps_str_foo from function  in Mon Mar  8 10:16:58 2021  = 51
2021-03-08 10:16:58,679 - DEBUG - Go function py_dumps_str_foo from function  in Mon Mar  8 10:16:58 2021  = 51
2021-03-08 10:16:58,679 - DEBUG - Старт tcp_sock_create = 86
2021-03-08 10:17:15,398 - DEBUG - Go function py_dumps_str_foo from function  in Mon Mar  8 10:17:15 2021  = 51
2021-03-08 10:17:15,400 - DEBUG - Go function py_dumps_str_foo from function  in Mon Mar  8 10:17:15 2021  = 51
2021-03-08 10:17:15,401 - DEBUG - Go function py_dumps_str_foo from function  in Mon Mar  8 10:17:15 2021  = 51
2021-03-08 10:17:15,401 - DEBUG - Старт tcp_sock_create = 86
2021-03-08 10:37:59,669 - DEBUG - Go function py_dumps_str_foo from function <function py_dumps_str_foo at 0x03E87DF0> in Mon Mar  8 10:37:59 2021  = 51
2021-03-08 10:37:59,672 - DEBUG - Go function py_dumps_str_foo from function <function py_dumps_str_foo at 0x03E87DF0> in Mon Mar  8 10:37:59 2021  = 51
2021-03-08 10:37:59,673 - DEBUG - Go function py_dumps_str_foo from function <function py_dumps_str_foo at 0x03E87DF0> in Mon Mar  8 10:37:59 2021  = 51
2021-03-08 10:37:59,673 - DEBUG - Старт tcp_sock_create = 88
2021-03-08 11:03:56,102 - DEBUG - Go function py_dumps_str_foo from function <function py_dumps_str_foo at 0x03AD7DF0> in Mon Mar  8 11:03:56 2021  = 51
2021-03-08 11:03:56,105 - DEBUG - Go function py_dumps_str_foo from function <function py_dumps_str_foo at 0x03AD7DF0> in Mon Mar  8 11:03:56 2021  = 51
2021-03-08 11:03:56,106 - DEBUG - Go function py_dumps_str_foo from function <function py_dumps_str_foo at 0x03AD7DF0> in Mon Mar  8 11:03:56 2021  = 51
2021-03-08 11:03:56,107 - DEBUG - Старт tcp_sock_create = 87
2021-03-08 11:08:20,056 - DEBUG - Старт tcp_sock_create = 87
2021-03-08 11:08:29,071 - DEBUG - Go function current_start_client from function <class 'str'> in Mon Mar  8 11:08:20 2021  = 44
2021-03-08 11:09:15,525 - DEBUG - Старт tcp_sock_create = 87
2021-03-08 11:09:24,545 - DEBUG - Go function current_start_client from function main in Mon Mar  8 11:09:15 2021  = 44
