2021-03-08 00:59:53,915 - DEBUG - Go function py_dumps_str_foo from function [{"response": 200, "alert": "An optional message/notification - Ok!"}, {"response": 402, "error": "This could be 'wrong password' or 'no account with that name'"}] in Mon Mar  8 00:59:53 2021   = 34
2021-03-08 00:59:53,916 - DEBUG - Go function py_dumps_str_foo from function {"action": "probe!!!", "time": 1615154393.8065696} in Mon Mar  8 00:59:53 2021   = 34
2021-03-08 00:59:53,916 - DEBUG - Старт tcp_sock_create  = 87
2021-03-08 00:59:53,917 - DEBUG - Старт bind_create_from_user  = 89
2021-03-08 00:59:53,919 - DEBUG - Старт server_listen_ready  = 93
2021-03-08 01:00:00,840 - DEBUG - Старт b_decode_str_foo  = 107
2021-03-08 01:00:00,841 - DEBUG - Старт str_loads_dict_foo  = 109
2021-03-08 10:01:00,601 - DEBUG - Старт tcp_sock_create  = 86
2021-03-08 10:01:00,603 - DEBUG - Старт bind_create_from_user  = 88
2021-03-08 10:01:00,604 - DEBUG - Старт server_listen_ready  = 92
2021-03-08 10:01:51,741 - DEBUG - Старт b_decode_str_foo  = 106
2021-03-08 10:01:51,742 - DEBUG - Старт str_loads_dict_foo  = 108
2021-03-08 10:01:51,742 - DEBUG - Старт b_decode_str_foo  = 106
2021-03-08 10:01:51,743 - DEBUG - Старт str_loads_dict_foo  = 108
2021-03-08 10:01:54,748 - DEBUG - Старт b_decode_str_foo  = 106
2021-03-08 10:01:54,749 - DEBUG - Старт str_loads_dict_foo  = 108
2021-03-08 10:01:54,749 - DEBUG - Старт b_decode_str_foo  = 106
2021-03-08 10:01:54,750 - DEBUG - Старт str_loads_dict_foo  = 108
2021-03-08 10:14:04,060 - DEBUG - Старт tcp_sock_create  = 86
2021-03-08 10:14:04,061 - DEBUG - Старт bind_create_from_user  = 88
2021-03-08 10:14:04,061 - DEBUG - Старт server_listen_ready  = 92
2021-03-08 10:14:12,626 - DEBUG - Старт b_decode_str_foo  = 106
2021-03-08 10:15:48,506 - DEBUG - Старт tcp_sock_create  = 86
2021-03-08 10:15:48,507 - DEBUG - Старт bind_create_from_user  = 88
2021-03-08 10:15:48,507 - DEBUG - Старт server_listen_ready  = 92
2021-03-08 10:15:59,340 - DEBUG - Старт b_decode_str_foo  = 106
2021-03-08 10:16:34,967 - DEBUG - Старт tcp_sock_create  = 86
2021-03-08 10:16:34,967 - DEBUG - Старт bind_create_from_user  = 88
2021-03-08 10:16:34,967 - DEBUG - Старт server_listen_ready  = 92
2021-03-08 10:16:42,069 - DEBUG - Старт b_decode_str_foo  = 106
2021-03-08 10:16:54,913 - DEBUG - Старт tcp_sock_create  = 86
2021-03-08 10:16:54,914 - DEBUG - Старт bind_create_from_user  = 88
2021-03-08 10:16:54,915 - DEBUG - Старт server_listen_ready  = 92
2021-03-08 10:17:01,695 - DEBUG - Старт b_decode_str_foo  = 106
2021-03-08 10:17:11,728 - DEBUG - Старт tcp_sock_create  = 86
2021-03-08 10:17:11,729 - DEBUG - Старт bind_create_from_user  = 88
2021-03-08 10:17:11,729 - DEBUG - Старт server_listen_ready  = 92
2021-03-08 10:17:18,414 - DEBUG - Старт b_decode_str_foo  = 106
2021-03-08 10:37:56,480 - DEBUG - Старт tcp_sock_create  = 86
2021-03-08 10:37:56,481 - DEBUG - Старт bind_create_from_user  = 88
2021-03-08 10:37:56,481 - DEBUG - Старт server_listen_ready  = 92
2021-03-08 10:38:02,691 - DEBUG - Старт b_decode_str_foo  = 106
2021-03-08 11:03:51,421 - DEBUG - Старт tcp_sock_create  = 86
2021-03-08 11:03:51,421 - DEBUG - Старт bind_create_from_user  = 88
2021-03-08 11:03:51,421 - DEBUG - Старт server_listen_ready  = 92
2021-03-08 11:03:59,113 - DEBUG - Старт b_decode_str_foo  = 106
2021-03-08 11:08:15,807 - DEBUG - Старт tcp_sock_create  = 86
2021-03-08 11:08:15,807 - DEBUG - Старт bind_create_from_user  = 88
2021-03-08 11:08:15,807 - DEBUG - Старт server_listen_ready  = 92
2021-03-08 11:08:23,063 - DEBUG - Старт b_decode_str_foo  = 106
2021-03-08 11:08:23,064 - DEBUG - Старт str_loads_dict_foo  = 108
2021-03-08 11:08:23,066 - DEBUG - Старт b_decode_str_foo  = 106
2021-03-08 11:08:23,070 - DEBUG - Старт str_loads_dict_foo  = 108
2021-03-08 11:08:26,069 - DEBUG - Старт b_decode_str_foo  = 106
2021-03-08 11:08:26,070 - DEBUG - Старт str_loads_dict_foo  = 108
2021-03-08 11:08:26,079 - DEBUG - Старт b_decode_str_foo  = 106
2021-03-08 11:08:26,080 - DEBUG - Старт str_loads_dict_foo  = 108
2021-03-08 11:09:11,984 - DEBUG - Старт tcp_sock_create  = 86
2021-03-08 11:09:11,984 - DEBUG - Старт bind_create_from_user  = 88
2021-03-08 11:09:11,985 - DEBUG - Старт server_listen_ready  = 92
2021-03-08 11:09:18,533 - DEBUG - Старт b_decode_str_foo  = 106
2021-03-08 11:09:18,534 - DEBUG - Старт str_loads_dict_foo  = 108
2021-03-08 11:09:18,536 - DEBUG - Старт b_decode_str_foo  = 106
2021-03-08 11:09:18,538 - DEBUG - Старт str_loads_dict_foo  = 108
2021-03-08 11:09:21,543 - DEBUG - Старт b_decode_str_foo  = 106
2021-03-08 11:09:21,545 - DEBUG - Старт str_loads_dict_foo  = 108
2021-03-08 11:09:21,551 - DEBUG - Старт b_decode_str_foo  = 106
2021-03-08 11:09:21,552 - DEBUG - Старт str_loads_dict_foo  = 108
